Using pre-set license
Built from '2020.3/staging' branch; Version is '2020.3.11f1 (99c7afb366b3) revision 10078127'; Using compiler version '192528614'; Build Type 'Release'
OS: 'Windows 10 Home Single Language; OS build 18363.1556; Version 1909; 64bit' Language: 'ru' Physical Memory: 7103 MB
BatchMode: 1, IsHumanControllingUs: 0, StartBugReporterOnCrash: 0, Is64bit: 1, IsPro: 0

 COMMAND LINE ARGUMENTS:
D:\Unity\2020.3.11f1\Editor\Unity.exe
-adb2
-batchMode
-noUpm
-name
AssetImportWorker2
-projectPath
D:/unity project/TestDev
-logFile
Logs/AssetImportWorker2.log
-srvPort
52626
Successfully changed project path to: D:/unity project/TestDev
D:/unity project/TestDev
Using Asset Import Pipeline V2.
Refreshing native plugins compatible for Editor in 77.31 ms, found 3 plugins.
Preloading 0 native plugins for Editor in 0.00 ms.
Initialize engine version: 2020.3.11f1 (99c7afb366b3)
[Subsystems] Discovering subsystems at path D:/Unity/2020.3.11f1/Editor/Data/Resources/UnitySubsystems
[Subsystems] Discovering subsystems at path D:/unity project/TestDev/Assets
GfxDevice: creating device client; threaded=0
Direct3D:
    Version:  Direct3D 11.0 [level 11.1]
    Renderer: AMD Radeon(TM) Vega 8 Graphics (ID=0x15d8)
    Vendor:   
    VRAM:     3551 MB
    Driver:   26.20.11030.22001
Initialize mono
Mono path[0] = 'D:/Unity/2020.3.11f1/Editor/Data/Managed'
Mono path[1] = 'D:/Unity/2020.3.11f1/Editor/Data/MonoBleedingEdge/lib/mono/unityjit'
Mono config path = 'D:/Unity/2020.3.11f1/Editor/Data/MonoBleedingEdge/etc'
Using monoOptions --debugger-agent=transport=dt_socket,embedding=1,server=y,suspend=n,address=127.0.0.1:56960
Begin MonoManager ReloadAssembly
Registering precompiled unity dll's ...
Register platform support module: D:/Unity/2020.3.11f1/Editor/Data/PlaybackEngines/WindowsStandaloneSupport/UnityEditor.WindowsStandalone.Extensions.dll
Registered in 0.001771 seconds.
Native extension for WindowsStandalone target not found
Refreshing native plugins compatible for Editor in 96.85 ms, found 3 plugins.
Preloading 0 native plugins for Editor in 0.00 ms.
Mono: successfully reloaded assembly
- Completed reload, in  4.325 seconds
Platform modules already initialized, skipping
Registering precompiled user dll's ...
Registered in 0.009265 seconds.
Begin MonoManager ReloadAssembly
Native extension for WindowsStandalone target not found
Refreshing native plugins compatible for Editor in 118.67 ms, found 3 plugins.
Preloading 0 native plugins for Editor in 0.00 ms.
Mono: successfully reloaded assembly
- Completed reload, in  3.585 seconds
Platform modules already initialized, skipping
========================================================================
Worker process is ready to serve import requests
Launched and connected shader compiler UnityShaderCompiler.exe after 0.26 seconds
Refreshing native plugins compatible for Editor in 1.06 ms, found 3 plugins.
Preloading 0 native plugins for Editor in 0.00 ms.
Unloading 2080 Unused Serialized files (Serialized files now loaded: 0)
System memory in use before: 92.9 MB.
System memory in use after: 92.8 MB.

Unloading 33 unused Assets to reduce memory usage. Loaded Objects now: 2514.
Total: 6.265600 ms (FindLiveObjects: 0.443200 ms CreateObjectMapping: 0.126400 ms MarkObjects: 5.360900 ms  DeleteObjects: 0.331700 ms)

========================================================================
Received Import Request.
  path: Assets/Новая папка/280 53 112.png
  artifactKey: Guid(6c920f784d367c546a1343f4f0639403) Importer(815301076,1909f56bfc062723c751e8b465ee728b)
Start importing Assets/Новая папка/280 53 112.png using Guid(6c920f784d367c546a1343f4f0639403) Importer(815301076,1909f56bfc062723c751e8b465ee728b)  -> (artifact id: 'b578c6c8ea822d6fe271633fd81e8004') in 0.318241 seconds
  Import took 0.326272 seconds .

========================================================================
Received Import Request.
  Time since last request: 0.000615 seconds.
  path: Assets/Новая папка/window.png
  artifactKey: Guid(05ebcb070f76a79449d6cdeeb30b3e4a) Importer(815301076,1909f56bfc062723c751e8b465ee728b)
Start importing Assets/Новая папка/window.png using Guid(05ebcb070f76a79449d6cdeeb30b3e4a) Importer(815301076,1909f56bfc062723c751e8b465ee728b)  -> (artifact id: '723a30aa535938d12fb998b036902d27') in 0.028615 seconds
  Import took 0.034111 seconds .

========================================================================
Received Import Request.
  Time since last request: 0.000255 seconds.
  path: Assets/Новая папка/Group 57.png
  artifactKey: Guid(75ab176363e3c49428eb0dddaf15ab13) Importer(815301076,1909f56bfc062723c751e8b465ee728b)
Start importing Assets/Новая папка/Group 57.png using Guid(75ab176363e3c49428eb0dddaf15ab13) Importer(815301076,1909f56bfc062723c751e8b465ee728b)  -> (artifact id: 'b0dcb926a860b8e3d9cab3733987d076') in 0.023473 seconds
  Import took 0.028062 seconds .

========================================================================
Received Import Request.
  Time since last request: 0.000323 seconds.
  path: Assets/Новая папка/Group 105.png
  artifactKey: Guid(79ed87fec01884842bf9b052989efce4) Importer(815301076,1909f56bfc062723c751e8b465ee728b)
Start importing Assets/Новая папка/Group 105.png using Guid(79ed87fec01884842bf9b052989efce4) Importer(815301076,1909f56bfc062723c751e8b465ee728b)  -> (artifact id: '2bb9ecec1ce03399bafe759c332b066e') in 0.023167 seconds
  Import took 0.028163 seconds .

========================================================================
Received Import Request.
  Time since last request: 0.000504 seconds.
  path: Assets/Новая папка/helmet1 2.png
  artifactKey: Guid(ee4c19bbd53a875429c18e898fc9f014) Importer(815301076,1909f56bfc062723c751e8b465ee728b)
Start importing Assets/Новая папка/helmet1 2.png using Guid(ee4c19bbd53a875429c18e898fc9f014) Importer(815301076,1909f56bfc062723c751e8b465ee728b)  -> (artifact id: 'c9c0bc64c688e896bd60a579bc20c3a5') in 0.024740 seconds
  Import took 0.031027 seconds .

========================================================================
Received Import Request.
  Time since last request: 0.000387 seconds.
  path: Assets/Новая папка/35.png
  artifactKey: Guid(ffe9633900ba7af4495f917e817828b6) Importer(815301076,1909f56bfc062723c751e8b465ee728b)
Start importing Assets/Новая папка/35.png using Guid(ffe9633900ba7af4495f917e817828b6) Importer(815301076,1909f56bfc062723c751e8b465ee728b)  -> (artifact id: '7c47a47e22a1f6b8531b4c8d89d0019d') in 0.021778 seconds
  Import took 0.028403 seconds .

========================================================================
Received Import Request.
  Time since last request: 0.000322 seconds.
  path: Assets/Новая папка/Rectangle 85.png
  artifactKey: Guid(ae1fe2ff7c2961c46910099eab0aeb01) Importer(815301076,1909f56bfc062723c751e8b465ee728b)
Start importing Assets/Новая папка/Rectangle 85.png using Guid(ae1fe2ff7c2961c46910099eab0aeb01) Importer(815301076,1909f56bfc062723c751e8b465ee728b)  -> (artifact id: 'eae7764ebdd2be430197591c3515d490') in 0.020144 seconds
  Import took 0.025759 seconds .

========================================================================
Received Import Request.
  Time since last request: 0.000422 seconds.
  path: Assets/Новая папка/gem_03 1 1.png
  artifactKey: Guid(9bd3ad880ef6701468f5a9d542eecc50) Importer(815301076,1909f56bfc062723c751e8b465ee728b)
Start importing Assets/Новая папка/gem_03 1 1.png using Guid(9bd3ad880ef6701468f5a9d542eecc50) Importer(815301076,1909f56bfc062723c751e8b465ee728b)  -> (artifact id: '3a2be1e3f52a4cacec4d9f4cfef9b292') in 0.026859 seconds
  Import took 0.032951 seconds .

========================================================================
Received Import Request.
  Time since last request: 0.000290 seconds.
  path: Assets/Новая папка/Group 15.png
  artifactKey: Guid(2123f63add87cee48b92a14d884ecf52) Importer(815301076,1909f56bfc062723c751e8b465ee728b)
Start importing Assets/Новая папка/Group 15.png using Guid(2123f63add87cee48b92a14d884ecf52) Importer(815301076,1909f56bfc062723c751e8b465ee728b)  -> (artifact id: '1875261f7e86cfa3873e6463e35a37fe') in 0.025823 seconds
  Import took 0.031465 seconds .

========================================================================
Received Import Request.
  Time since last request: 0.000348 seconds.
  path: Assets/Новая папка/END.png
  artifactKey: Guid(6fec24b66661a4442ad92b745a92260e) Importer(815301076,1909f56bfc062723c751e8b465ee728b)
Start importing Assets/Новая папка/END.png using Guid(6fec24b66661a4442ad92b745a92260e) Importer(815301076,1909f56bfc062723c751e8b465ee728b)  -> (artifact id: '68730459149378d7567f3f38f13e2060') in 0.019506 seconds
  Import took 0.024608 seconds .

========================================================================
Received Import Request.
  Time since last request: 0.000396 seconds.
  path: Assets/Новая папка/sword 1.png
  artifactKey: Guid(77bf806c8ee5cc446924e85c83c7f56f) Importer(815301076,1909f56bfc062723c751e8b465ee728b)
Start importing Assets/Новая папка/sword 1.png using Guid(77bf806c8ee5cc446924e85c83c7f56f) Importer(815301076,1909f56bfc062723c751e8b465ee728b)  -> (artifact id: '73b909357baa4dbf6c63a33ab1ed6d7a') in 0.027668 seconds
  Import took 0.032708 seconds .

========================================================================
Received Import Request.
  Time since last request: 0.000365 seconds.
  path: Assets/Новая папка/Group 117.png
  artifactKey: Guid(7bb29bbecd6a1fa4b9c3200d7068d357) Importer(815301076,1909f56bfc062723c751e8b465ee728b)
Start importing Assets/Новая папка/Group 117.png using Guid(7bb29bbecd6a1fa4b9c3200d7068d357) Importer(815301076,1909f56bfc062723c751e8b465ee728b)  -> (artifact id: 'c9e4161c7aeae3d81946369fcfe6584c') in 0.026524 seconds
  Import took 0.031546 seconds .

========================================================================
Received Import Request.
  Time since last request: 0.000338 seconds.
  path: Assets/Новая папка/window-2.png
  artifactKey: Guid(3d0ccce2fbcfdd74a94827abbcab73e4) Importer(815301076,1909f56bfc062723c751e8b465ee728b)
Start importing Assets/Новая папка/window-2.png using Guid(3d0ccce2fbcfdd74a94827abbcab73e4) Importer(815301076,1909f56bfc062723c751e8b465ee728b)  -> (artifact id: '6ae67f537fdcee39719bf5fb9b9b36d3') in 0.030874 seconds
  Import took 0.035859 seconds .

========================================================================
Received Import Request.
  Time since last request: 0.000338 seconds.
  path: Assets/Новая папка/Gladiator Detail Final_19_9.png
  artifactKey: Guid(c6224a2a524c9d54297d374ab91c1687) Importer(815301076,1909f56bfc062723c751e8b465ee728b)
Start importing Assets/Новая папка/Gladiator Detail Final_19_9.png using Guid(c6224a2a524c9d54297d374ab91c1687) Importer(815301076,1909f56bfc062723c751e8b465ee728b)  -> (artifact id: '02013e6a2620b284e2152e2dc4b0e9bc') in 0.023428 seconds
  Import took 0.028885 seconds .

========================================================================
Received Import Request.
  Time since last request: 0.000320 seconds.
  path: Assets/Новая папка/yellow-star 8.png
  artifactKey: Guid(5c452fcc417436d47a7f8ee61b0f7414) Importer(815301076,1909f56bfc062723c751e8b465ee728b)
Start importing Assets/Новая папка/yellow-star 8.png using Guid(5c452fcc417436d47a7f8ee61b0f7414) Importer(815301076,1909f56bfc062723c751e8b465ee728b)  -> (artifact id: 'd61a60f85a00cfc3f124596ac87ce607') in 0.023532 seconds
  Import took 0.028569 seconds .

========================================================================
Received Import Request.
  Time since last request: 0.000339 seconds.
  path: Assets/Новая папка/picture 1-1.png
  artifactKey: Guid(32a8247f0c14c7645ba3af9092a5d712) Importer(815301076,1909f56bfc062723c751e8b465ee728b)
Start importing Assets/Новая папка/picture 1-1.png using Guid(32a8247f0c14c7645ba3af9092a5d712) Importer(815301076,1909f56bfc062723c751e8b465ee728b)  -> (artifact id: '7e8f917ed5ab4d865b5830ccccf234e7') in 0.029637 seconds
  Import took 0.034121 seconds .

========================================================================
Received Import Request.
  Time since last request: 0.000382 seconds.
  path: Assets/Новая папка/Group 59.png
  artifactKey: Guid(83aa0cc0b4696044c927f52752440b0d) Importer(815301076,1909f56bfc062723c751e8b465ee728b)
Start importing Assets/Новая папка/Group 59.png using Guid(83aa0cc0b4696044c927f52752440b0d) Importer(815301076,1909f56bfc062723c751e8b465ee728b)  -> (artifact id: '9c0360cf5d1236c18da737f5f86ac540') in 0.021797 seconds
  Import took 0.027036 seconds .

========================================================================
Received Import Request.
  Time since last request: 0.000349 seconds.
  path: Assets/Новая папка/Group 66.png
  artifactKey: Guid(fb55b360fcf01ce479b4a6333d2a4863) Importer(815301076,1909f56bfc062723c751e8b465ee728b)
Start importing Assets/Новая папка/Group 66.png using Guid(fb55b360fcf01ce479b4a6333d2a4863) Importer(815301076,1909f56bfc062723c751e8b465ee728b)  -> (artifact id: '87c587e36a984e2d9490e3f6f1a23f46') in 0.021779 seconds
  Import took 0.026764 seconds .

========================================================================
Received Import Request.
  Time since last request: 0.000319 seconds.
  path: Assets/Новая папка/tab2 1.png
  artifactKey: Guid(a50da2c89a4af304ea63ae0f5ef1f3a6) Importer(815301076,1909f56bfc062723c751e8b465ee728b)
Start importing Assets/Новая папка/tab2 1.png using Guid(a50da2c89a4af304ea63ae0f5ef1f3a6) Importer(815301076,1909f56bfc062723c751e8b465ee728b)  -> (artifact id: 'ff30ec9d8854dd14eb99f947ed1e98f9') in 0.025843 seconds
  Import took 0.030859 seconds .

========================================================================
Received Import Request.
  Time since last request: 0.000353 seconds.
  path: Assets/Новая папка/263.png
  artifactKey: Guid(e1e3fed9d5a0a6a44b4cbfbd6ede5b1a) Importer(815301076,1909f56bfc062723c751e8b465ee728b)
Start importing Assets/Новая папка/263.png using Guid(e1e3fed9d5a0a6a44b4cbfbd6ede5b1a) Importer(815301076,1909f56bfc062723c751e8b465ee728b)  -> (artifact id: '8fa66a6db618bcf602a75a5ce83928d0') in 0.017994 seconds
  Import took 0.023078 seconds .

========================================================================
Received Import Request.
  Time since last request: 0.000317 seconds.
  path: Assets/Новая папка/Rectangle 4.png
  artifactKey: Guid(3b0a16079d0d0b944a66ed60ed25cc8b) Importer(815301076,1909f56bfc062723c751e8b465ee728b)
Start importing Assets/Новая папка/Rectangle 4.png using Guid(3b0a16079d0d0b944a66ed60ed25cc8b) Importer(815301076,1909f56bfc062723c751e8b465ee728b)  -> (artifact id: 'afbfa5a212ea3f259c0d1c046e2a2ade') in 0.032790 seconds
  Import took 0.038829 seconds .

========================================================================
Received Import Request.
  Time since last request: 0.000537 seconds.
  path: Assets/Новая папка/wave 1.png
  artifactKey: Guid(6e1862b46723e944da275f14f67f2eec) Importer(815301076,1909f56bfc062723c751e8b465ee728b)
Start importing Assets/Новая папка/wave 1.png using Guid(6e1862b46723e944da275f14f67f2eec) Importer(815301076,1909f56bfc062723c751e8b465ee728b)  -> (artifact id: '8a9b9986852a5f75b540863f401a686f') in 0.024453 seconds
  Import took 0.032011 seconds .

========================================================================
Received Import Request.
  Time since last request: 0.000362 seconds.
  path: Assets/Новая папка/+3-2.png
  artifactKey: Guid(41074ca582f096c4dbdf94e15ef93e04) Importer(815301076,1909f56bfc062723c751e8b465ee728b)
Start importing Assets/Новая папка/+3-2.png using Guid(41074ca582f096c4dbdf94e15ef93e04) Importer(815301076,1909f56bfc062723c751e8b465ee728b)  -> (artifact id: '887d1a5aa0b911c005b67e16d9d15d12') in 0.025820 seconds
  Import took 0.031706 seconds .

========================================================================
Received Import Request.
  Time since last request: 0.000350 seconds.
  path: Assets/Новая папка/GLADIATOR'S ABILITIES.png
  artifactKey: Guid(8a343093fa0ceaa4f9596080751b9b42) Importer(815301076,1909f56bfc062723c751e8b465ee728b)
Start importing Assets/Новая папка/GLADIATOR'S ABILITIES.png using Guid(8a343093fa0ceaa4f9596080751b9b42) Importer(815301076,1909f56bfc062723c751e8b465ee728b)  -> (artifact id: '06ac8a279e36235593c9e4f6cc74d82a') in 0.022274 seconds
  Import took 0.027284 seconds .

========================================================================
Received Import Request.
  Time since last request: 0.000347 seconds.
  path: Assets/Новая папка/Group 58.png
  artifactKey: Guid(a96d62a0183e53c43ab7d509d4e4ae86) Importer(815301076,1909f56bfc062723c751e8b465ee728b)
Start importing Assets/Новая папка/Group 58.png using Guid(a96d62a0183e53c43ab7d509d4e4ae86) Importer(815301076,1909f56bfc062723c751e8b465ee728b)  -> (artifact id: '867c6be5cede074fc4822b6eb7aaa52e') in 0.026687 seconds
  Import took 0.032679 seconds .

========================================================================
Received Import Request.
  Time since last request: 0.000462 seconds.
  path: Assets/Новая папка/gold 1.png
  artifactKey: Guid(269c59de77845d64f881113304e6242c) Importer(815301076,1909f56bfc062723c751e8b465ee728b)
Start importing Assets/Новая папка/gold 1.png using Guid(269c59de77845d64f881113304e6242c) Importer(815301076,1909f56bfc062723c751e8b465ee728b)  -> (artifact id: 'a8ffb7de85bda23267e003431efd9c3f') in 0.023924 seconds
  Import took 0.029424 seconds .

========================================================================
Received Import Request.
  Time since last request: 0.000305 seconds.
  path: Assets/Новая папка/Group 55.png
  artifactKey: Guid(cb7f25c0ba7d9a540829c3423bcf948a) Importer(815301076,1909f56bfc062723c751e8b465ee728b)
Start importing Assets/Новая папка/Group 55.png using Guid(cb7f25c0ba7d9a540829c3423bcf948a) Importer(815301076,1909f56bfc062723c751e8b465ee728b)  -> (artifact id: '0369d8519c95f564e66374fa135e5407') in 0.026732 seconds
  Import took 0.031840 seconds .

========================================================================
Received Import Request.
  Time since last request: 0.000296 seconds.
  path: Assets/Новая папка/yellow-star 4.png
  artifactKey: Guid(688d4c7f49381144f90f1b8a4eb7815e) Importer(815301076,1909f56bfc062723c751e8b465ee728b)
Start importing Assets/Новая папка/yellow-star 4.png using Guid(688d4c7f49381144f90f1b8a4eb7815e) Importer(815301076,1909f56bfc062723c751e8b465ee728b)  -> (artifact id: '83853272c84cf0682fa9f88a1b2be70d') in 0.025498 seconds
  Import took 0.030380 seconds .

========================================================================
Received Import Request.
  Time since last request: 0.000354 seconds.
  path: Assets/Новая папка/picture 1.png
  artifactKey: Guid(3aaf4c470e14a9a43926ff799e06598c) Importer(815301076,1909f56bfc062723c751e8b465ee728b)
Start importing Assets/Новая папка/picture 1.png using Guid(3aaf4c470e14a9a43926ff799e06598c) Importer(815301076,1909f56bfc062723c751e8b465ee728b)  -> (artifact id: '03cfebabfd7a8284b198edc08e587255') in 0.019206 seconds
  Import took 0.023959 seconds .

========================================================================
Received Import Request.
  Time since last request: 0.000321 seconds.
  path: Assets/Новая папка/yellow-star 2.png
  artifactKey: Guid(3ef4b4b601fd1cc40aafeb1f581a6b9e) Importer(815301076,1909f56bfc062723c751e8b465ee728b)
Start importing Assets/Новая папка/yellow-star 2.png using Guid(3ef4b4b601fd1cc40aafeb1f581a6b9e) Importer(815301076,1909f56bfc062723c751e8b465ee728b)  -> (artifact id: 'b661472968fd74e2c449ebde67530149') in 0.024247 seconds
  Import took 0.029326 seconds .

========================================================================
Received Import Request.
  Time since last request: 0.000328 seconds.
  path: Assets/Новая папка
  artifactKey: Guid(2aa6982d83f8cd34985f0b6e4f3818b5) Importer(815301076,1909f56bfc062723c751e8b465ee728b)
Start importing Assets/Новая папка using Guid(2aa6982d83f8cd34985f0b6e4f3818b5) Importer(815301076,1909f56bfc062723c751e8b465ee728b)  -> (artifact id: '901bd08d16ea9c552dea51c2aca138d6') in 0.011293 seconds
  Import took 0.015750 seconds .

========================================================================
Received Import Request.
  Time since last request: 0.000331 seconds.
  path: Assets/Новая папка/+3.png
  artifactKey: Guid(d5d6e066a046a5849934bc28062ce71d) Importer(815301076,1909f56bfc062723c751e8b465ee728b)
Start importing Assets/Новая папка/+3.png using Guid(d5d6e066a046a5849934bc28062ce71d) Importer(815301076,1909f56bfc062723c751e8b465ee728b)  -> (artifact id: '127e461b01999cc420bd07ebfd031693') in 0.029599 seconds
  Import took 0.034708 seconds .

========================================================================
Received Import Request.
  Time since last request: 0.000349 seconds.
  path: Assets/Новая папка/Group 56.png
  artifactKey: Guid(a78373884ef787a42845cf675504e0f5) Importer(815301076,1909f56bfc062723c751e8b465ee728b)
Start importing Assets/Новая папка/Group 56.png using Guid(a78373884ef787a42845cf675504e0f5) Importer(815301076,1909f56bfc062723c751e8b465ee728b)  -> (artifact id: '2cf3d25ee06e230d4e8876a3822104ac') in 0.024356 seconds
  Import took 0.030213 seconds .

========================================================================
Received Import Request.
  Time since last request: 0.000340 seconds.
  path: Assets/Новая папка/375.png
  artifactKey: Guid(d4bb783e1261faa46aea76c9d591f466) Importer(815301076,1909f56bfc062723c751e8b465ee728b)
Start importing Assets/Новая папка/375.png using Guid(d4bb783e1261faa46aea76c9d591f466) Importer(815301076,1909f56bfc062723c751e8b465ee728b)  -> (artifact id: '1ccdd401e7a1cb8280a6a082a913c658') in 0.024344 seconds
  Import took 0.029487 seconds .

========================================================================
Received Import Request.
  Time since last request: 0.000372 seconds.
  path: Assets/Новая папка/35-1.png
  artifactKey: Guid(9f74533751d818849acb9d96b866c5d4) Importer(815301076,1909f56bfc062723c751e8b465ee728b)
Start importing Assets/Новая папка/35-1.png using Guid(9f74533751d818849acb9d96b866c5d4) Importer(815301076,1909f56bfc062723c751e8b465ee728b)  -> (artifact id: '422ab59d8bf5575671233b0e05d7c756') in 0.024481 seconds
  Import took 0.030127 seconds .

========================================================================
Received Import Request.
  Time since last request: 0.000344 seconds.
  path: Assets/Новая папка/DEX.png
  artifactKey: Guid(22b1dfa79bb5ae2458e74f9bbe4de909) Importer(815301076,1909f56bfc062723c751e8b465ee728b)
Start importing Assets/Новая папка/DEX.png using Guid(22b1dfa79bb5ae2458e74f9bbe4de909) Importer(815301076,1909f56bfc062723c751e8b465ee728b)  -> (artifact id: 'bfbacca261623afe389cc401bb1497f5') in 0.019767 seconds
  Import took 0.024714 seconds .

========================================================================
Received Import Request.
  Time since last request: 0.000329 seconds.
  path: Assets/Новая папка/ARMOR.png
  artifactKey: Guid(e858cd49697b13e40a354209bf0301fc) Importer(815301076,1909f56bfc062723c751e8b465ee728b)
Start importing Assets/Новая папка/ARMOR.png using Guid(e858cd49697b13e40a354209bf0301fc) Importer(815301076,1909f56bfc062723c751e8b465ee728b)  -> (artifact id: '0672b04c29227cb3684c5dfd88ed95b4') in 0.022922 seconds
  Import took 0.028291 seconds .

========================================================================
Received Import Request.
  Time since last request: 0.000324 seconds.
  path: Assets/Новая папка/arrow8 4.png
  artifactKey: Guid(f1d551116a172d74eac940a845783bb0) Importer(815301076,1909f56bfc062723c751e8b465ee728b)
Start importing Assets/Новая папка/arrow8 4.png using Guid(f1d551116a172d74eac940a845783bb0) Importer(815301076,1909f56bfc062723c751e8b465ee728b)  -> (artifact id: '4b0d32e2267380844775692a3b9f0299') in 0.018361 seconds
  Import took 0.022966 seconds .

========================================================================
Received Import Request.
  Time since last request: 0.000352 seconds.
  path: Assets/Новая папка/yellow-star 6.png
  artifactKey: Guid(2f3b702f8b426ec4ab6ff5fd73b93090) Importer(815301076,1909f56bfc062723c751e8b465ee728b)
Start importing Assets/Новая папка/yellow-star 6.png using Guid(2f3b702f8b426ec4ab6ff5fd73b93090) Importer(815301076,1909f56bfc062723c751e8b465ee728b)  -> (artifact id: 'ba89752c2df69393037570286803b049') in 0.024756 seconds
  Import took 0.031070 seconds .

========================================================================
Received Import Request.
  Time since last request: 0.000349 seconds.
  path: Assets/Новая папка/+3-1.png
  artifactKey: Guid(bee36c7175c202249b04b812dabe7b9c) Importer(815301076,1909f56bfc062723c751e8b465ee728b)
Start importing Assets/Новая папка/+3-1.png using Guid(bee36c7175c202249b04b812dabe7b9c) Importer(815301076,1909f56bfc062723c751e8b465ee728b)  -> (artifact id: '118d875372e8f227fef51cce4b6828dd') in 0.021962 seconds
  Import took 0.028464 seconds .

========================================================================
Received Import Request.
  Time since last request: 0.000602 seconds.
  path: Assets/Новая папка/close-button 3.png
  artifactKey: Guid(f09b8d0e92d425e4ba74711274420ae3) Importer(815301076,1909f56bfc062723c751e8b465ee728b)
Start importing Assets/Новая папка/close-button 3.png using Guid(f09b8d0e92d425e4ba74711274420ae3) Importer(815301076,1909f56bfc062723c751e8b465ee728b)  -> (artifact id: 'b4e3cc33b27f868f461fc0ed0951b7d9') in 0.024500 seconds
  Import took 0.030021 seconds .

========================================================================
Received Import Request.
  Time since last request: 0.000334 seconds.
  path: Assets/Новая папка/Group 13.png
  artifactKey: Guid(8cd58b1cf4276ae4588193502b369f3a) Importer(815301076,1909f56bfc062723c751e8b465ee728b)
Start importing Assets/Новая папка/Group 13.png using Guid(8cd58b1cf4276ae4588193502b369f3a) Importer(815301076,1909f56bfc062723c751e8b465ee728b)  -> (artifact id: '2aceeb0ee602cee2cdeb3d4d14993954') in 0.022544 seconds
  Import took 0.028276 seconds .

========================================================================
Received Import Request.
  Time since last request: 0.000352 seconds.
  path: Assets/Новая папка/25.png
  artifactKey: Guid(2886e8f6082c5754da5bb8e80d94b533) Importer(815301076,1909f56bfc062723c751e8b465ee728b)
Start importing Assets/Новая папка/25.png using Guid(2886e8f6082c5754da5bb8e80d94b533) Importer(815301076,1909f56bfc062723c751e8b465ee728b)  -> (artifact id: 'f738aa0de927a0aa0f91c1c2d4e9238b') in 0.024330 seconds
  Import took 0.030305 seconds .

========================================================================
Received Import Request.
  Time since last request: 0.000765 seconds.
  path: Assets/Новая папка/Mask Group.png
  artifactKey: Guid(37a53b9b65431704ab9dcee9e0e20cce) Importer(815301076,1909f56bfc062723c751e8b465ee728b)
Start importing Assets/Новая папка/Mask Group.png using Guid(37a53b9b65431704ab9dcee9e0e20cce) Importer(815301076,1909f56bfc062723c751e8b465ee728b)  -> (artifact id: '197d35e75a857e23b94d8db722d5f068') in 0.028658 seconds
  Import took 0.033682 seconds .

========================================================================
Received Import Request.
  Time since last request: 0.000387 seconds.
  path: Assets/Новая папка/plate 12.png
  artifactKey: Guid(a6ddef1558c2d5444af0ebc57f645715) Importer(815301076,1909f56bfc062723c751e8b465ee728b)
Start importing Assets/Новая папка/plate 12.png using Guid(a6ddef1558c2d5444af0ebc57f645715) Importer(815301076,1909f56bfc062723c751e8b465ee728b)  -> (artifact id: 'c07e705d2863a0bb04b87bb0de99133d') in 0.026005 seconds
  Import took 0.031584 seconds .

========================================================================
Received Import Request.
  Time since last request: 0.000390 seconds.
  path: Assets/Новая папка/plate 12-1.png
  artifactKey: Guid(885295841d28cb04897490ba81f69319) Importer(815301076,1909f56bfc062723c751e8b465ee728b)
Start importing Assets/Новая папка/plate 12-1.png using Guid(885295841d28cb04897490ba81f69319) Importer(815301076,1909f56bfc062723c751e8b465ee728b)  -> (artifact id: 'e6fc8cc8e81b81fcc48788d0ef9e3a85') in 0.019911 seconds
  Import took 0.024289 seconds .

========================================================================
Received Import Request.
  Time since last request: 0.000309 seconds.
  path: Assets/Новая папка/window-3.png
  artifactKey: Guid(1984008f71dd6f144a824fd3b7bf25a3) Importer(815301076,1909f56bfc062723c751e8b465ee728b)
Start importing Assets/Новая папка/window-3.png using Guid(1984008f71dd6f144a824fd3b7bf25a3) Importer(815301076,1909f56bfc062723c751e8b465ee728b)  -> (artifact id: '9b2f9b16fa5475a6fd564604c76988e8') in 0.025501 seconds
  Import took 0.031146 seconds .

========================================================================
Received Import Request.
  Time since last request: 0.000410 seconds.
  path: Assets/Новая папка/LEVEL.png
  artifactKey: Guid(bfb308d9565812b4d97723e92746190b) Importer(815301076,1909f56bfc062723c751e8b465ee728b)
Start importing Assets/Новая папка/LEVEL.png using Guid(bfb308d9565812b4d97723e92746190b) Importer(815301076,1909f56bfc062723c751e8b465ee728b)  -> (artifact id: '818db3c20697f5231fac1fe4c10494e6') in 0.024056 seconds
  Import took 0.031557 seconds .

========================================================================
Received Import Request.
  Time since last request: 0.000467 seconds.
  path: Assets/Новая папка/DIMACHAERUS.png
  artifactKey: Guid(0079bd54bc19e38489a05315d7637bd6) Importer(815301076,1909f56bfc062723c751e8b465ee728b)
Start importing Assets/Новая папка/DIMACHAERUS.png using Guid(0079bd54bc19e38489a05315d7637bd6) Importer(815301076,1909f56bfc062723c751e8b465ee728b)  -> (artifact id: '2210a79c8e05cd416802df9fdb64b9fe') in 0.026160 seconds
  Import took 0.031810 seconds .

========================================================================
Received Import Request.
  Time since last request: 0.000307 seconds.
  path: Assets/Новая папка/window-1.png
  artifactKey: Guid(828cb2e0506206243858a4f347f9bd45) Importer(815301076,1909f56bfc062723c751e8b465ee728b)
Start importing Assets/Новая папка/window-1.png using Guid(828cb2e0506206243858a4f347f9bd45) Importer(815301076,1909f56bfc062723c751e8b465ee728b)  -> (artifact id: 'b92771d2ba8e7466dc8b2bff115f562a') in 0.034189 seconds
  Import took 0.040766 seconds .

========================================================================
Received Import Request.
  Time since last request: 0.000450 seconds.
  path: Assets/Новая папка/HERO LEVEL.png
  artifactKey: Guid(a8c43dd99b407b841a66c0e53705dc98) Importer(815301076,1909f56bfc062723c751e8b465ee728b)
Start importing Assets/Новая папка/HERO LEVEL.png using Guid(a8c43dd99b407b841a66c0e53705dc98) Importer(815301076,1909f56bfc062723c751e8b465ee728b)  -> (artifact id: '11221a70b22dd6b5155d25f0eac5b3bd') in 0.022371 seconds
  Import took 0.030588 seconds .

========================================================================
Received Import Request.
  Time since last request: 0.000529 seconds.
  path: Assets/Новая папка/Bitmap 1.png
  artifactKey: Guid(f90dfe4a66d74874eb8bad27866c472a) Importer(815301076,1909f56bfc062723c751e8b465ee728b)
Start importing Assets/Новая папка/Bitmap 1.png using Guid(f90dfe4a66d74874eb8bad27866c472a) Importer(815301076,1909f56bfc062723c751e8b465ee728b)  -> (artifact id: 'c0b489fd08d3bdd65f396a576e53001c') in 0.041173 seconds
  Import took 0.049886 seconds .

========================================================================
Received Import Request.
  Time since last request: 0.000466 seconds.
  path: Assets/Новая папка/image_2021_07_16T11_57_11_597Z 1.png
  artifactKey: Guid(ded79b21097be1f48ae1cfbefe26daee) Importer(815301076,1909f56bfc062723c751e8b465ee728b)
Start importing Assets/Новая папка/image_2021_07_16T11_57_11_597Z 1.png using Guid(ded79b21097be1f48ae1cfbefe26daee) Importer(815301076,1909f56bfc062723c751e8b465ee728b)  -> (artifact id: '075f4adbdc30377f35c64dc7d3b9e063') in 0.031440 seconds
  Import took 0.038352 seconds .

========================================================================
Received Import Request.
  Time since last request: 0.000445 seconds.
  path: Assets/Новая папка/26.png
  artifactKey: Guid(15c9cc5f40ccbf74a86ee074f492f46c) Importer(815301076,1909f56bfc062723c751e8b465ee728b)
Start importing Assets/Новая папка/26.png using Guid(15c9cc5f40ccbf74a86ee074f492f46c) Importer(815301076,1909f56bfc062723c751e8b465ee728b)  -> (artifact id: '63f8ed1b07014e9ad7f9e5f73f465407') in 0.030613 seconds
  Import took 0.038446 seconds .

========================================================================
Received Import Request.
  Time since last request: 0.000423 seconds.
  path: Assets/Новая папка/Frame 1.png
  artifactKey: Guid(6561b58332bd94145bda0ce50039c192) Importer(815301076,1909f56bfc062723c751e8b465ee728b)
Start importing Assets/Новая папка/Frame 1.png using Guid(6561b58332bd94145bda0ce50039c192) Importer(815301076,1909f56bfc062723c751e8b465ee728b)  -> (artifact id: 'f929b7b558c3b8804704dbbd404bbfca') in 0.026515 seconds
  Import took 0.033092 seconds .

========================================================================
Received Import Request.
  Time since last request: 0.000409 seconds.
  path: Assets/Новая папка/Group 60.png
  artifactKey: Guid(fe7282b0ef00aca4e938f9807db9b42b) Importer(815301076,1909f56bfc062723c751e8b465ee728b)
Start importing Assets/Новая папка/Group 60.png using Guid(fe7282b0ef00aca4e938f9807db9b42b) Importer(815301076,1909f56bfc062723c751e8b465ee728b)  -> (artifact id: '6394c8a10570420c2df219ab7f7a2f7a') in 0.027461 seconds
  Import took 0.034178 seconds .

========================================================================
Received Import Request.
  Time since last request: 0.000626 seconds.
  path: Assets/Новая папка/Rectangle 5.png
  artifactKey: Guid(d9742f5b854c2a74a851f576cfb458bf) Importer(815301076,1909f56bfc062723c751e8b465ee728b)
Start importing Assets/Новая папка/Rectangle 5.png using Guid(d9742f5b854c2a74a851f576cfb458bf) Importer(815301076,1909f56bfc062723c751e8b465ee728b)  -> (artifact id: '06da51d587da86fe738cbca19c53ce95') in 0.034620 seconds
  Import took 0.043001 seconds .

========================================================================
Received Import Request.
  Time since last request: 0.000566 seconds.
  path: Assets/Новая папка/up-arrow 3.png
  artifactKey: Guid(f73d173acca3ca7468217b1967ce19fd) Importer(815301076,1909f56bfc062723c751e8b465ee728b)
Start importing Assets/Новая папка/up-arrow 3.png using Guid(f73d173acca3ca7468217b1967ce19fd) Importer(815301076,1909f56bfc062723c751e8b465ee728b)  -> (artifact id: 'dcfde5a81084d78bae9a4d4a9dc50812') in 0.038927 seconds
  Import took 0.047218 seconds .

========================================================================
Received Import Request.
  Time since last request: 0.000557 seconds.
  path: Assets/Новая папка/LCK.png
  artifactKey: Guid(1862447c60759274f8d348064b8d8a63) Importer(815301076,1909f56bfc062723c751e8b465ee728b)
Start importing Assets/Новая папка/LCK.png using Guid(1862447c60759274f8d348064b8d8a63) Importer(815301076,1909f56bfc062723c751e8b465ee728b)  -> (artifact id: 'ae704ac4770e0a991a09ad6b299a41c4') in 0.034923 seconds
  Import took 0.051328 seconds .

========================================================================
Received Import Request.
  Time since last request: 0.000546 seconds.
  path: Assets/Новая папка/heart 1.png
  artifactKey: Guid(33e987c6cae6ae746912a74f4f8804f5) Importer(815301076,1909f56bfc062723c751e8b465ee728b)
Start importing Assets/Новая папка/heart 1.png using Guid(33e987c6cae6ae746912a74f4f8804f5) Importer(815301076,1909f56bfc062723c751e8b465ee728b)  -> (artifact id: '9488b5483736047d56112ec90f5725a3') in 0.035320 seconds
  Import took 0.043409 seconds .

========================================================================
Received Import Request.
  Time since last request: 0.000495 seconds.
  path: Assets/Новая папка/STR.png
  artifactKey: Guid(cc6fe46d04316b3429704b0e093c2d96) Importer(815301076,1909f56bfc062723c751e8b465ee728b)
Start importing Assets/Новая папка/STR.png using Guid(cc6fe46d04316b3429704b0e093c2d96) Importer(815301076,1909f56bfc062723c751e8b465ee728b)  -> (artifact id: 'b224b40af96f507316f79dd9c2cc3d87') in 0.031708 seconds
  Import took 0.041351 seconds .

========================================================================
Received Import Request.
  Time since last request: 0.000564 seconds.
  path: Assets/Новая папка/arrow8 3.png
  artifactKey: Guid(7803b09a36d1b0d46a3f420d3702e1ec) Importer(815301076,1909f56bfc062723c751e8b465ee728b)
Start importing Assets/Новая папка/arrow8 3.png using Guid(7803b09a36d1b0d46a3f420d3702e1ec) Importer(815301076,1909f56bfc062723c751e8b465ee728b)  -> (artifact id: 'd065e2b06775fb2db2786b313b4bcf6a') in 0.027353 seconds
  Import took 0.035537 seconds .

========================================================================
Received Import Request.
  Time since last request: 0.000552 seconds.
  path: Assets/Новая папка/Group 53.png
  artifactKey: Guid(b1d7f607ac0af474eb4ff792cc529d48) Importer(815301076,1909f56bfc062723c751e8b465ee728b)
Start importing Assets/Новая папка/Group 53.png using Guid(b1d7f607ac0af474eb4ff792cc529d48) Importer(815301076,1909f56bfc062723c751e8b465ee728b)  -> (artifact id: 'ab9ad33e75e4215aa1b2602711539df0') in 0.037196 seconds
  Import took 0.044003 seconds .

========================================================================
Received Import Request.
  Time since last request: 0.000356 seconds.
  path: Assets/Новая папка/Group 63.png
  artifactKey: Guid(a9eeaabeed0a3424f98eaf63c11d25d9) Importer(815301076,1909f56bfc062723c751e8b465ee728b)
Start importing Assets/Новая папка/Group 63.png using Guid(a9eeaabeed0a3424f98eaf63c11d25d9) Importer(815301076,1909f56bfc062723c751e8b465ee728b)  -> (artifact id: '024ecd62019e62e566cce9a6b5bfed77') in 0.030844 seconds
  Import took 0.038518 seconds .

========================================================================
Received Import Request.
  Time since last request: 0.000371 seconds.
  path: Assets/Новая папка/Group 54.png
  artifactKey: Guid(209a24d408be2fc419dc140e45cdedc2) Importer(815301076,1909f56bfc062723c751e8b465ee728b)
Start importing Assets/Новая папка/Group 54.png using Guid(209a24d408be2fc419dc140e45cdedc2) Importer(815301076,1909f56bfc062723c751e8b465ee728b)  -> (artifact id: 'ff81574ee46815d6f535f5052ad1fe49') in 0.030425 seconds
  Import took 0.036272 seconds .

========================================================================
Received Import Request.
  Time since last request: 0.000439 seconds.
  path: Assets/Новая папка/tab 1.png
  artifactKey: Guid(0b3c5cd86dd12d74ca0c3b201d87dcd3) Importer(815301076,1909f56bfc062723c751e8b465ee728b)
Start importing Assets/Новая папка/tab 1.png using Guid(0b3c5cd86dd12d74ca0c3b201d87dcd3) Importer(815301076,1909f56bfc062723c751e8b465ee728b)  -> (artifact id: '276f3a3c59b1e713661d8a5218a90b21') in 0.022978 seconds
  Import took 0.030739 seconds .

========================================================================
Received Import Request.
  Time since last request: 0.000400 seconds.
  path: Assets/Новая папка/Rectangle 32.png
  artifactKey: Guid(903025b9e4d2c394d81165452cea788e) Importer(815301076,1909f56bfc062723c751e8b465ee728b)
Start importing Assets/Новая папка/Rectangle 32.png using Guid(903025b9e4d2c394d81165452cea788e) Importer(815301076,1909f56bfc062723c751e8b465ee728b)  -> (artifact id: '4f349b7693a5df6f4f85767f5ad91a54') in 0.020809 seconds
  Import took 0.025759 seconds .

========================================================================
Received Import Request.
  Time since last request: 0.000454 seconds.
  path: Assets/Новая папка/canvas2 3.png
  artifactKey: Guid(e444802f5b223764d804c02cccdf2cc4) Importer(815301076,1909f56bfc062723c751e8b465ee728b)
Start importing Assets/Новая папка/canvas2 3.png using Guid(e444802f5b223764d804c02cccdf2cc4) Importer(815301076,1909f56bfc062723c751e8b465ee728b)  -> (artifact id: '06e0d25f5d61959cdd81573047065566') in 0.032052 seconds
  Import took 0.038494 seconds .

========================================================================
Received Import Request.
  Time since last request: 0.000388 seconds.
  path: Assets/Новая папка/temporary-gladiator 1.png
  artifactKey: Guid(2c2056d8f417fdb45835109bdcd9d7e2) Importer(815301076,1909f56bfc062723c751e8b465ee728b)
Start importing Assets/Новая папка/temporary-gladiator 1.png using Guid(2c2056d8f417fdb45835109bdcd9d7e2) Importer(815301076,1909f56bfc062723c751e8b465ee728b)  -> (artifact id: '7b5b9b71e517d7310ed1df8730ea3b4e') in 0.051102 seconds
  Import took 0.057302 seconds .

========================================================================
Received Import Request.
  Time since last request: 5238.822647 seconds.
  path: ProjectSettings/TagManager.asset
  artifactKey: Guid(00000000000000003000000000000000) Importer(815301076,1909f56bfc062723c751e8b465ee728b)
Start importing ProjectSettings/TagManager.asset using Guid(00000000000000003000000000000000) Importer(815301076,1909f56bfc062723c751e8b465ee728b)  -> (artifact id: '95df672b4aaba54310d34c83eef51bb8') in 0.029829 seconds
  Import took 0.035618 seconds .

========================================================================
Received Prepare
Registering precompiled user dll's ...
Registered in 0.009648 seconds.
Begin MonoManager ReloadAssembly
Native extension for WindowsStandalone target not found
Refreshing native plugins compatible for Editor in 1.29 ms, found 3 plugins.
Preloading 0 native plugins for Editor in 0.00 ms.
Mono: successfully reloaded assembly
- Completed reload, in  2.473 seconds
Platform modules already initialized, skipping
Refreshing native plugins compatible for Editor in 0.82 ms, found 3 plugins.
Preloading 0 native plugins for Editor in 0.00 ms.
Unloading 2075 Unused Serialized files (Serialized files now loaded: 0)
System memory in use before: 96.0 MB.
System memory in use after: 96.0 MB.

Unloading 22 unused Assets to reduce memory usage. Loaded Objects now: 2628.
Total: 4.464900 ms (FindLiveObjects: 0.441300 ms CreateObjectMapping: 0.148100 ms MarkObjects: 3.669800 ms  DeleteObjects: 0.202600 ms)

AssetImportWorkerClient::OnTransportError - code=2 error=End of file
